<?xml version="1.0" encoding="UTF-8"?>
<coverage generated="1765283251569" clover="3.2.0">
  <project timestamp="1765283251569" name="All files">
    <metrics statements="55" coveredstatements="47" conditionals="34" coveredconditionals="24" methods="25" coveredmethods="19" elements="114" coveredelements="90" complexity="0" loc="55" ncloc="55" packages="1" files="1" classes="1"/>
    <file name="RoomsList.tsx" path="/home/mohamed/PROJECTS/reservation_app/reservation_app_frontend/src/pages/RoomsList.tsx">
      <metrics statements="55" coveredstatements="47" conditionals="34" coveredconditionals="24" methods="25" coveredmethods="19"/>
      <line num="9" count="25" type="stmt"/>
      <line num="10" count="25" type="stmt"/>
      <line num="11" count="25" type="stmt"/>
      <line num="12" count="25" type="stmt"/>
      <line num="13" count="25" type="stmt"/>
      <line num="14" count="25" type="stmt"/>
      <line num="15" count="25" type="stmt"/>
      <line num="18" count="24" type="cond" truecount="2" falsecount="0"/>
      <line num="20" count="25" type="stmt"/>
      <line num="22" count="25" type="stmt"/>
      <line num="25" count="10" type="stmt"/>
      <line num="26" count="9" type="stmt"/>
      <line num="30" count="25" type="stmt"/>
      <line num="31" count="1" type="stmt"/>
      <line num="32" count="1" type="stmt"/>
      <line num="34" count="1" type="stmt"/>
      <line num="37" count="25" type="stmt"/>
      <line num="38" count="1" type="stmt"/>
      <line num="39" count="1" type="stmt"/>
      <line num="41" count="25" type="stmt"/>
      <line num="42" count="1" type="stmt"/>
      <line num="43" count="1" type="stmt"/>
      <line num="44" count="1" type="stmt"/>
      <line num="48" count="25" type="cond" truecount="2" falsecount="0"/>
      <line num="49" count="17" type="cond" truecount="2" falsecount="0"/>
      <line num="51" count="1" type="stmt"/>
      <line num="52" count="1" type="stmt"/>
      <line num="53" count="1" type="cond" truecount="2" falsecount="1"/>
      <line num="54" count="1" type="stmt"/>
      <line num="57" count="16" type="stmt"/>
      <line num="63" count="1" type="stmt"/>
      <line num="70" count="16" type="stmt"/>
      <line num="78" count="1" type="stmt"/>
      <line num="79" count="1" type="stmt"/>
      <line num="98" count="0" type="stmt"/>
      <line num="103" count="1" type="stmt"/>
      <line num="107" count="1" type="cond" truecount="2" falsecount="2"/>
      <line num="111" count="1" type="stmt"/>
      <line num="115" count="0" type="stmt"/>
      <line num="117" count="1" type="cond" truecount="1" falsecount="1"/>
      <line num="118" count="1" type="stmt"/>
      <line num="119" count="1" type="cond" truecount="1" falsecount="1"/>
      <line num="120" count="1" type="stmt"/>
      <line num="121" count="1" type="stmt"/>
      <line num="122" count="1" type="stmt"/>
      <line num="123" count="1" type="stmt"/>
      <line num="124" count="1" type="stmt"/>
      <line num="126" count="0" type="stmt"/>
      <line num="127" count="0" type="cond" truecount="0" falsecount="3"/>
      <line num="143" count="0" type="stmt"/>
      <line num="148" count="1" type="stmt"/>
      <line num="152" count="0" type="cond" truecount="1" falsecount="1"/>
      <line num="156" count="0" type="cond" truecount="1" falsecount="1"/>
      <line num="160" count="0" type="stmt"/>
      <line num="161" count="1" type="stmt"/>
    </file>
  </project>
</coverage>
