{"/home/mohamed/PROJECTS/reservation_app/reservation_app_frontend/src/pages/RoomsList.tsx": {"path":"/home/mohamed/PROJECTS/reservation_app/reservation_app_frontend/src/pages/RoomsList.tsx","statementMap":{"0":{"start":{"line":9,"column":8},"end":{"line":9,"column":null}},"1":{"start":{"line":10,"column":28},"end":{"line":10,"column":null}},"2":{"start":{"line":11,"column":38},"end":{"line":11,"column":null}},"3":{"start":{"line":12,"column":42},"end":{"line":12,"column":null}},"4":{"start":{"line":13,"column":42},"end":{"line":13,"column":null}},"5":{"start":{"line":14,"column":50},"end":{"line":14,"column":null}},"6":{"start":{"line":15,"column":24},"end":{"line":15,"column":null}},"7":{"start":{"line":18,"column":4},"end":{"line":18,"column":null}},"8":{"start":{"line":18,"column":20},"end":{"line":18,"column":57}},"9":{"start":{"line":18,"column":57},"end":{"line":18,"column":89}},"10":{"start":{"line":18,"column":99},"end":{"line":18,"column":111}},"11":{"start":{"line":20,"column":22},"end":{"line":20,"column":null}},"12":{"start":{"line":22,"column":33},"end":{"line":28,"column":null}},"13":{"start":{"line":25,"column":18},"end":{"line":25,"column":null}},"14":{"start":{"line":26,"column":6},"end":{"line":26,"column":null}},"15":{"start":{"line":30,"column":8},"end":{"line":35,"column":null}},"16":{"start":{"line":31,"column":16},"end":{"line":31,"column":null}},"17":{"start":{"line":32,"column":4},"end":{"line":32,"column":null}},"18":{"start":{"line":34,"column":18},"end":{"line":34,"column":53}},"19":{"start":{"line":37,"column":8},"end":{"line":39,"column":null}},"20":{"start":{"line":38,"column":4},"end":{"line":38,"column":null}},"21":{"start":{"line":39,"column":21},"end":{"line":39,"column":56}},"22":{"start":{"line":41,"column":8},"end":{"line":44,"column":null}},"23":{"start":{"line":42,"column":16},"end":{"line":42,"column":null}},"24":{"start":{"line":43,"column":4},"end":{"line":43,"column":null}},"25":{"start":{"line":44,"column":21},"end":{"line":44,"column":57}},"26":{"start":{"line":44,"column":57},"end":{"line":44,"column":75}},"27":{"start":{"line":48,"column":2},"end":{"line":48,"column":null}},"28":{"start":{"line":48,"column":17},"end":{"line":48,"column":null}},"29":{"start":{"line":49,"column":2},"end":{"line":55,"column":null}},"30":{"start":{"line":51,"column":4},"end":{"line":51,"column":null}},"31":{"start":{"line":52,"column":14},"end":{"line":52,"column":null}},"32":{"start":{"line":53,"column":16},"end":{"line":53,"column":null}},"33":{"start":{"line":54,"column":4},"end":{"line":54,"column":null}},"34":{"start":{"line":57,"column":2},"end":{"line":167,"column":null}},"35":{"start":{"line":63,"column":63},"end":{"line":63,"column":86}},"36":{"start":{"line":70,"column":10},"end":{"line":85,"column":null}},"37":{"start":{"line":78,"column":85},"end":{"line":78,"column":175}},"38":{"start":{"line":79,"column":79},"end":{"line":79,"column":100}},"39":{"start":{"line":98,"column":75},"end":{"line":98,"column":99}},"40":{"start":{"line":103,"column":139},"end":{"line":103,"column":174}},"41":{"start":{"line":107,"column":207},"end":{"line":107,"column":276}},"42":{"start":{"line":111,"column":145},"end":{"line":111,"column":180}},"43":{"start":{"line":115,"column":69},"end":{"line":115,"column":93}},"44":{"start":{"line":117,"column":18},"end":{"line":117,"column":null}},"45":{"start":{"line":117,"column":48},"end":{"line":117,"column":107}},"46":{"start":{"line":117,"column":107},"end":{"line":117,"column":114}},"47":{"start":{"line":118,"column":18},"end":{"line":128,"column":null}},"48":{"start":{"line":119,"column":20},"end":{"line":119,"column":null}},"49":{"start":{"line":120,"column":20},"end":{"line":120,"column":null}},"50":{"start":{"line":121,"column":20},"end":{"line":121,"column":null}},"51":{"start":{"line":122,"column":20},"end":{"line":122,"column":null}},"52":{"start":{"line":123,"column":20},"end":{"line":123,"column":null}},"53":{"start":{"line":124,"column":20},"end":{"line":124,"column":null}},"54":{"start":{"line":126,"column":31},"end":{"line":126,"column":null}},"55":{"start":{"line":127,"column":20},"end":{"line":127,"column":null}},"56":{"start":{"line":143,"column":75},"end":{"line":143,"column":93}},"57":{"start":{"line":148,"column":138},"end":{"line":148,"column":188}},"58":{"start":{"line":152,"column":165},"end":{"line":152,"column":227}},"59":{"start":{"line":156,"column":157},"end":{"line":156,"column":214}},"60":{"start":{"line":160,"column":69},"end":{"line":160,"column":87}},"61":{"start":{"line":161,"column":67},"end":{"line":161,"column":186}}},"fnMap":{"0":{"name":"ProductsList","decl":{"start":{"line":8,"column":24},"end":{"line":8,"column":52}},"loc":{"start":{"line":8,"column":52},"end":{"line":169,"column":null}},"line":8},"1":{"name":"getSessionUser","decl":{"start":{"line":17,"column":11},"end":{"line":17,"column":28}},"loc":{"start":{"line":17,"column":28},"end":{"line":19,"column":null}},"line":17},"2":{"name":"(anonymous_2)","decl":{"start":{"line":24,"column":13},"end":{"line":24,"column":25}},"loc":{"start":{"line":24,"column":25},"end":{"line":27,"column":null}},"line":24},"3":{"name":"(anonymous_3)","decl":{"start":{"line":30,"column":29},"end":{"line":30,"column":36}},"loc":{"start":{"line":30,"column":63},"end":{"line":33,"column":5}},"line":30},"4":{"name":"(anonymous_4)","decl":{"start":{"line":34,"column":4},"end":{"line":34,"column":16}},"loc":{"start":{"line":34,"column":16},"end":{"line":34,"column":null}},"line":34},"5":{"name":"(anonymous_5)","decl":{"start":{"line":37,"column":29},"end":{"line":37,"column":36}},"loc":{"start":{"line":37,"column":51},"end":{"line":39,"column":5}},"line":37},"6":{"name":"(anonymous_6)","decl":{"start":{"line":39,"column":7},"end":{"line":39,"column":19}},"loc":{"start":{"line":39,"column":19},"end":{"line":39,"column":58}},"line":39},"7":{"name":"(anonymous_7)","decl":{"start":{"line":41,"column":31},"end":{"line":41,"column":38}},"loc":{"start":{"line":41,"column":82},"end":{"line":44,"column":5}},"line":41},"8":{"name":"(anonymous_8)","decl":{"start":{"line":44,"column":7},"end":{"line":44,"column":19}},"loc":{"start":{"line":44,"column":19},"end":{"line":44,"column":77}},"line":44},"9":{"name":"(anonymous_9)","decl":{"start":{"line":63,"column":57},"end":{"line":63,"column":63}},"loc":{"start":{"line":63,"column":63},"end":{"line":63,"column":86}},"line":63},"10":{"name":"(anonymous_10)","decl":{"start":{"line":69,"column":19},"end":{"line":69,"column":20}},"loc":{"start":{"line":70,"column":10},"end":{"line":85,"column":null}},"line":70},"11":{"name":"(anonymous_11)","decl":{"start":{"line":78,"column":79},"end":{"line":78,"column":85}},"loc":{"start":{"line":78,"column":85},"end":{"line":78,"column":175}},"line":78},"12":{"name":"(anonymous_12)","decl":{"start":{"line":79,"column":73},"end":{"line":79,"column":79}},"loc":{"start":{"line":79,"column":79},"end":{"line":79,"column":100}},"line":79},"13":{"name":"(anonymous_13)","decl":{"start":{"line":98,"column":69},"end":{"line":98,"column":75}},"loc":{"start":{"line":98,"column":75},"end":{"line":98,"column":99}},"line":98},"14":{"name":"(anonymous_14)","decl":{"start":{"line":103,"column":101},"end":{"line":103,"column":102}},"loc":{"start":{"line":103,"column":139},"end":{"line":103,"column":174}},"line":103},"15":{"name":"(anonymous_15)","decl":{"start":{"line":107,"column":169},"end":{"line":107,"column":170}},"loc":{"start":{"line":107,"column":207},"end":{"line":107,"column":276}},"line":107},"16":{"name":"(anonymous_16)","decl":{"start":{"line":111,"column":104},"end":{"line":111,"column":105}},"loc":{"start":{"line":111,"column":145},"end":{"line":111,"column":180}},"line":111},"17":{"name":"(anonymous_17)","decl":{"start":{"line":115,"column":63},"end":{"line":115,"column":69}},"loc":{"start":{"line":115,"column":69},"end":{"line":115,"column":93}},"line":115},"18":{"name":"(anonymous_18)","decl":{"start":{"line":116,"column":61},"end":{"line":116,"column":73}},"loc":{"start":{"line":116,"column":73},"end":{"line":129,"column":19}},"line":116},"19":{"name":"(anonymous_19)","decl":{"start":{"line":143,"column":69},"end":{"line":143,"column":75}},"loc":{"start":{"line":143,"column":75},"end":{"line":143,"column":93}},"line":143},"20":{"name":"(anonymous_20)","decl":{"start":{"line":148,"column":100},"end":{"line":148,"column":101}},"loc":{"start":{"line":148,"column":138},"end":{"line":148,"column":188}},"line":148},"21":{"name":"(anonymous_21)","decl":{"start":{"line":152,"column":127},"end":{"line":152,"column":128}},"loc":{"start":{"line":152,"column":165},"end":{"line":152,"column":227}},"line":152},"22":{"name":"(anonymous_22)","decl":{"start":{"line":156,"column":116},"end":{"line":156,"column":117}},"loc":{"start":{"line":156,"column":157},"end":{"line":156,"column":214}},"line":156},"23":{"name":"(anonymous_23)","decl":{"start":{"line":160,"column":63},"end":{"line":160,"column":69}},"loc":{"start":{"line":160,"column":69},"end":{"line":160,"column":87}},"line":160},"24":{"name":"(anonymous_24)","decl":{"start":{"line":161,"column":61},"end":{"line":161,"column":67}},"loc":{"start":{"line":161,"column":67},"end":{"line":161,"column":186}},"line":161}},"branchMap":{"0":{"loc":{"start":{"line":18,"column":64},"end":{"line":18,"column":89}},"type":"cond-expr","locations":[{"start":{"line":18,"column":68},"end":{"line":18,"column":84}},{"start":{"line":18,"column":84},"end":{"line":18,"column":89}}],"line":18},"1":{"loc":{"start":{"line":48,"column":2},"end":{"line":48,"column":null}},"type":"if","locations":[{"start":{"line":48,"column":2},"end":{"line":48,"column":null}},{"start":{},"end":{}}],"line":48},"2":{"loc":{"start":{"line":49,"column":2},"end":{"line":55,"column":null}},"type":"if","locations":[{"start":{"line":49,"column":2},"end":{"line":55,"column":null}},{"start":{},"end":{}}],"line":49},"3":{"loc":{"start":{"line":53,"column":16},"end":{"line":53,"column":null}},"type":"binary-expr","locations":[{"start":{"line":53,"column":16},"end":{"line":53,"column":44}},{"start":{"line":53,"column":44},"end":{"line":53,"column":58}},{"start":{"line":53,"column":58},"end":{"line":53,"column":null}}],"line":53},"4":{"loc":{"start":{"line":61,"column":9},"end":{"line":65,"column":null}},"type":"cond-expr","locations":[{"start":{"line":62,"column":10},"end":{"line":64,"column":null}},{"start":{"line":65,"column":12},"end":{"line":65,"column":null}}],"line":61},"5":{"loc":{"start":{"line":76,"column":19},"end":{"line":80,"column":null}},"type":"binary-expr","locations":[{"start":{"line":76,"column":19},"end":{"line":76,"column":null}},{"start":{"line":77,"column":20},"end":{"line":80,"column":null}}],"line":76},"6":{"loc":{"start":{"line":89,"column":7},"end":{"line":89,"column":null}},"type":"binary-expr","locations":[{"start":{"line":89,"column":7},"end":{"line":89,"column":16}},{"start":{"line":89,"column":16},"end":{"line":89,"column":null}}],"line":89},"7":{"loc":{"start":{"line":92,"column":7},"end":{"line":133,"column":null}},"type":"binary-expr","locations":[{"start":{"line":92,"column":7},"end":{"line":92,"column":null}},{"start":{"line":93,"column":8},"end":{"line":133,"column":null}}],"line":92},"8":{"loc":{"start":{"line":107,"column":93},"end":{"line":107,"column":159}},"type":"cond-expr","locations":[{"start":{"line":107,"column":134},"end":{"line":107,"column":155}},{"start":{"line":107,"column":155},"end":{"line":107,"column":159}}],"line":107},"9":{"loc":{"start":{"line":107,"column":229},"end":{"line":107,"column":273}},"type":"cond-expr","locations":[{"start":{"line":107,"column":246},"end":{"line":107,"column":271}},{"start":{"line":107,"column":271},"end":{"line":107,"column":273}}],"line":107},"10":{"loc":{"start":{"line":117,"column":18},"end":{"line":117,"column":null}},"type":"if","locations":[{"start":{"line":117,"column":18},"end":{"line":117,"column":null}},{"start":{},"end":{}}],"line":117},"11":{"loc":{"start":{"line":119,"column":115},"end":{"line":119,"column":139}},"type":"binary-expr","locations":[{"start":{"line":119,"column":115},"end":{"line":119,"column":137}},{"start":{"line":119,"column":137},"end":{"line":119,"column":139}}],"line":119},"12":{"loc":{"start":{"line":127,"column":56},"end":{"line":127,"column":111}},"type":"binary-expr","locations":[{"start":{"line":127,"column":56},"end":{"line":127,"column":85}},{"start":{"line":127,"column":85},"end":{"line":127,"column":100}},{"start":{"line":127,"column":100},"end":{"line":127,"column":111}}],"line":127},"13":{"loc":{"start":{"line":137,"column":7},"end":{"line":165,"column":null}},"type":"binary-expr","locations":[{"start":{"line":137,"column":7},"end":{"line":137,"column":null}},{"start":{"line":138,"column":8},"end":{"line":165,"column":null}}],"line":137},"14":{"loc":{"start":{"line":152,"column":94},"end":{"line":152,"column":117}},"type":"binary-expr","locations":[{"start":{"line":152,"column":94},"end":{"line":152,"column":114}},{"start":{"line":152,"column":114},"end":{"line":152,"column":117}}],"line":152},"15":{"loc":{"start":{"line":156,"column":79},"end":{"line":156,"column":106}},"type":"binary-expr","locations":[{"start":{"line":156,"column":79},"end":{"line":156,"column":102}},{"start":{"line":156,"column":102},"end":{"line":156,"column":106}}],"line":156}},"s":{"0":25,"1":25,"2":25,"3":25,"4":25,"5":25,"6":25,"7":24,"8":24,"9":24,"10":0,"11":25,"12":25,"13":10,"14":9,"15":25,"16":1,"17":1,"18":1,"19":25,"20":1,"21":1,"22":25,"23":1,"24":1,"25":1,"26":1,"27":25,"28":7,"29":17,"30":1,"31":1,"32":1,"33":1,"34":16,"35":1,"36":16,"37":1,"38":1,"39":0,"40":1,"41":1,"42":1,"43":0,"44":1,"45":0,"46":0,"47":1,"48":1,"49":1,"50":1,"51":1,"52":1,"53":1,"54":0,"55":0,"56":0,"57":1,"58":0,"59":0,"60":0,"61":1},"f":{"0":25,"1":24,"2":10,"3":1,"4":1,"5":1,"6":1,"7":1,"8":1,"9":1,"10":16,"11":1,"12":1,"13":0,"14":1,"15":1,"16":1,"17":0,"18":1,"19":0,"20":1,"21":0,"22":0,"23":0,"24":1},"b":{"0":[16,8],"1":[7,18],"2":[1,16],"3":[1,1,0],"4":[12,4],"5":[16,12],"6":[25,1],"7":[25,4],"8":[4,0],"9":[1,0],"10":[0,1],"11":[1,0],"12":[0,0,0],"13":[25,2],"14":[2,0],"15":[2,0]},"meta":{"lastBranch":16,"lastFunction":25,"lastStatement":62,"seen":{"f:8:24:8:52":0,"s:9:8:9:Infinity":0,"s:10:28:10:Infinity":1,"s:11:38:11:Infinity":2,"s:12:42:12:Infinity":3,"s:13:42:13:Infinity":4,"s:14:50:14:Infinity":5,"s:15:24:15:Infinity":6,"f:17:11:17:28":1,"s:18:4:18:Infinity":7,"s:18:20:18:57":8,"s:18:57:18:89":9,"b:18:68:18:84:18:84:18:89":0,"s:18:99:18:111":10,"s:20:22:20:Infinity":11,"s:22:33:28:Infinity":12,"f:24:13:24:25":2,"s:25:18:25:Infinity":13,"s:26:6:26:Infinity":14,"s:30:8:35:Infinity":15,"f:30:29:30:36":3,"s:31:16:31:Infinity":16,"s:32:4:32:Infinity":17,"f:34:4:34:16":4,"s:34:18:34:53":18,"s:37:8:39:Infinity":19,"f:37:29:37:36":5,"s:38:4:38:Infinity":20,"f:39:7:39:19":6,"s:39:21:39:56":21,"s:41:8:44:Infinity":22,"f:41:31:41:38":7,"s:42:16:42:Infinity":23,"s:43:4:43:Infinity":24,"f:44:7:44:19":8,"s:44:21:44:57":25,"s:44:57:44:75":26,"b:48:2:48:Infinity:undefined:undefined:undefined:undefined":1,"s:48:2:48:Infinity":27,"s:48:17:48:Infinity":28,"b:49:2:55:Infinity:undefined:undefined:undefined:undefined":2,"s:49:2:55:Infinity":29,"s:51:4:51:Infinity":30,"s:52:14:52:Infinity":31,"s:53:16:53:Infinity":32,"b:53:16:53:44:53:44:53:58:53:58:53:Infinity":3,"s:54:4:54:Infinity":33,"s:57:2:167:Infinity":34,"b:62:10:64:Infinity:65:12:65:Infinity":4,"f:63:57:63:63":9,"s:63:63:63:86":35,"f:69:19:69:20":10,"s:70:10:85:Infinity":36,"b:76:19:76:Infinity:77:20:80:Infinity":5,"f:78:79:78:85":11,"s:78:85:78:175":37,"f:79:73:79:79":12,"s:79:79:79:100":38,"b:89:7:89:16:89:16:89:Infinity":6,"b:92:7:92:Infinity:93:8:133:Infinity":7,"f:98:69:98:75":13,"s:98:75:98:99":39,"f:103:101:103:102":14,"s:103:139:103:174":40,"b:107:134:107:155:107:155:107:159":8,"f:107:169:107:170":15,"s:107:207:107:276":41,"b:107:246:107:271:107:271:107:273":9,"f:111:104:111:105":16,"s:111:145:111:180":42,"f:115:63:115:69":17,"s:115:69:115:93":43,"f:116:61:116:73":18,"b:117:18:117:Infinity:undefined:undefined:undefined:undefined":10,"s:117:18:117:Infinity":44,"s:117:48:117:107":45,"s:117:107:117:114":46,"s:118:18:128:Infinity":47,"s:119:20:119:Infinity":48,"b:119:115:119:137:119:137:119:139":11,"s:120:20:120:Infinity":49,"s:121:20:121:Infinity":50,"s:122:20:122:Infinity":51,"s:123:20:123:Infinity":52,"s:124:20:124:Infinity":53,"s:126:31:126:Infinity":54,"s:127:20:127:Infinity":55,"b:127:56:127:85:127:85:127:100:127:100:127:111":12,"b:137:7:137:Infinity:138:8:165:Infinity":13,"f:143:69:143:75":19,"s:143:75:143:93":56,"f:148:100:148:101":20,"s:148:138:148:188":57,"b:152:94:152:114:152:114:152:117":14,"f:152:127:152:128":21,"s:152:165:152:227":58,"b:156:79:156:102:156:102:156:106":15,"f:156:116:156:117":22,"s:156:157:156:214":59,"f:160:63:160:69":23,"s:160:69:160:87":60,"f:161:61:161:67":24,"s:161:67:161:186":61}}}
}
